0 verbose cli [ '/usr/local/bin/node', '/usr/local/bin/npm', 'init', '-y' ]
1 info using npm@8.3.1
2 info using node@v16.14.0
3 timing npm:load:whichnode Completed in 0ms
4 timing config:load:defaults Completed in 3ms
5 timing config:load:file:/usr/local/lib/node_modules/npm/npmrc Completed in 1ms
6 timing config:load:builtin Completed in 1ms
7 timing config:load:cli Completed in 3ms
8 timing config:load:env Completed in 0ms
9 timing config:load:project Completed in 14ms
10 timing config:load:file:/Users/victorpv/.npmrc Completed in 1ms
11 timing config:load:user Completed in 1ms
12 timing config:load:file:/usr/local/etc/npmrc Completed in 0ms
13 timing config:load:global Completed in 1ms
14 timing config:load:validate Completed in 0ms
15 timing config:load:credentials Completed in 2ms
16 timing config:load:setEnvs Completed in 1ms
17 timing config:load Completed in 29ms
18 timing npm:load:configload Completed in 29ms
19 timing npm:load:setTitle Completed in 34ms
20 timing config:load:flatten Completed in 4ms
21 timing npm:load:display Completed in 6ms
22 verbose logfile /Users/victorpv/.npm/_logs/2022-03-14T16_17_20_785Z-debug-0.log
23 timing npm:load:logFile Completed in 7ms
24 timing npm:load:timers Completed in 1ms
25 timing npm:load:configScope Completed in 0ms
26 timing npm:load Completed in 79ms
27 silly package data {
27 silly package data   name: 'victorpv',
27 silly package data   version: '1.0.0',
27 silly package data   description: '',
27 silly package data   main: 'index.js',
27 silly package data   scripts: { test: 'echo "Error: no test specified" && exit 1' },
27 silly package data   keywords: [],
27 silly package data   author: '',
27 silly package data   license: 'ISC'
27 silly package data }
28 info init written successfully
29 timing command:init Completed in 87ms
30 verbose exit 0
31 timing npm Completed in 615ms
32 info ok
